<?xml version="1.0" encoding="UTF-8"?>
<testng-results ignored="0" total="2" passed="2" failed="0" skipped="0">
  <reporter-output>
  </reporter-output>
  <suite started-at="2021-11-30T23:18:59 CET" name="Suite" finished-at="2021-11-30T23:19:09 CET" duration-ms="9549">
    <groups>
    </groups>
    <test started-at="2021-11-30T23:18:59 CET" name="Test" finished-at="2021-11-30T23:19:09 CET" duration-ms="9549">
      <class name="com.apotheke.test.LoginTest">
        <test-method is-config="true" signature="invokeBrowser(java.lang.String)[pri:0, instance:com.apotheke.test.LoginTest@59474f18]" started-at="2021-11-30T23:18:59 CET" name="invokeBrowser" finished-at="2021-11-30T23:19:02 CET" duration-ms="3385" status="PASS">
          <params>
            <param index="0">
              <value>
                <![CDATA[chrome]]>
              </value>
            </param>
          </params>
          <reporter-output>
          </reporter-output>
        </test-method> <!-- invokeBrowser -->
        <test-method signature="verifyLogin()[pri:1, instance:com.apotheke.test.LoginTest@59474f18]" started-at="2021-11-30T23:19:02 CET" name="verifyLogin" finished-at="2021-11-30T23:19:05 CET" duration-ms="2446" status="PASS">
          <reporter-output>
          </reporter-output>
        </test-method> <!-- verifyLogin -->
        <test-method is-config="true" signature="tearDown()[pri:0, instance:com.apotheke.test.LoginTest@59474f18]" started-at="2021-11-30T23:19:05 CET" name="tearDown" finished-at="2021-11-30T23:19:05 CET" duration-ms="102" status="PASS">
          <reporter-output>
          </reporter-output>
        </test-method> <!-- tearDown -->
        <test-method is-config="true" signature="invokeBrowser(java.lang.String)[pri:0, instance:com.apotheke.test.LoginTest@59474f18]" started-at="2021-11-30T23:19:05 CET" name="invokeBrowser" finished-at="2021-11-30T23:19:08 CET" duration-ms="2827" status="PASS">
          <params>
            <param index="0">
              <value>
                <![CDATA[chrome]]>
              </value>
            </param>
          </params>
          <reporter-output>
          </reporter-output>
        </test-method> <!-- invokeBrowser -->
        <test-method signature="tryWrongLogin()[pri:2, instance:com.apotheke.test.LoginTest@59474f18]" started-at="2021-11-30T23:19:08 CET" name="tryWrongLogin" finished-at="2021-11-30T23:19:09 CET" duration-ms="669" status="PASS">
          <reporter-output>
          </reporter-output>
        </test-method> <!-- tryWrongLogin -->
        <test-method is-config="true" signature="tearDown()[pri:0, instance:com.apotheke.test.LoginTest@59474f18]" started-at="2021-11-30T23:19:09 CET" name="tearDown" finished-at="2021-11-30T23:19:09 CET" duration-ms="97" status="PASS">
          <reporter-output>
          </reporter-output>
        </test-method> <!-- tearDown -->
      </class> <!-- com.apotheke.test.LoginTest -->
    </test> <!-- Test -->
  </suite> <!-- Suite -->
</testng-results>
